{
  "stats": {
    "suites": 1,
    "tests": 4,
    "passes": 4,
    "pending": 0,
    "failures": 0,
    "start": "2025-05-09T02:49:48.993Z",
    "end": "2025-05-09T02:49:56.269Z",
    "duration": 7276,
    "testsRegistered": 4,
    "passPercent": 100,
    "pendingPercent": 0,
    "other": 0,
    "hasOther": false,
    "skipped": 0,
    "hasSkipped": false
  },
  "results": [
    {
      "uuid": "1452c81c-a078-4694-b5a1-34d0467a4096",
      "title": "",
      "fullFile": "cypress\\e2e\\Netlify\\web-elements.cy.js",
      "file": "cypress\\e2e\\Netlify\\web-elements.cy.js",
      "beforeHooks": [],
      "afterHooks": [],
      "tests": [],
      "suites": [
        {
          "uuid": "690cd422-8dd0-4376-a6c4-ca843cdf4a83",
          "title": "Radio Button, Checkbox, Dropdown Menu",
          "fullFile": "",
          "file": "",
          "beforeHooks": [],
          "afterHooks": [],
          "tests": [
            {
              "title": "Should successfully check - Check Me Out - 2",
              "fullTitle": "Radio Button, Checkbox, Dropdown Menu Should successfully check - Check Me Out - 2",
              "timedOut": null,
              "duration": 1874,
              "state": "passed",
              "speed": "fast",
              "pass": true,
              "fail": false,
              "pending": false,
              "context": null,
              "code": "cy.visit('https://qa-practice.netlify.app/checkboxes');\n//cy.contains('Check me out - 1').prev().check()\ncy.get('[type=\"checkbox\"]').eq(0).check().should('be.checked'); // If hindi checkbox ang input type hindi gagana si .check()\ncy.get('[type=\"checkbox\"]').eq(1).uncheck().should('not.be.checked');",
              "err": {},
              "uuid": "e418f5ed-defe-4ffc-8fa1-d6a0dc8aefc7",
              "parentUUID": "690cd422-8dd0-4376-a6c4-ca843cdf4a83",
              "isHook": false,
              "skipped": false
            },
            {
              "title": "Should successfully select Radio button 1",
              "fullTitle": "Radio Button, Checkbox, Dropdown Menu Should successfully select Radio button 1",
              "timedOut": null,
              "duration": 576,
              "state": "passed",
              "speed": "fast",
              "pass": true,
              "fail": false,
              "pending": false,
              "context": null,
              "code": "cy.visit('https://qa-practice.netlify.app/radiobuttons');\ncy.get('#radio-button1').click().should('be.checked');\ncy.get('#radio-button2').should('not.be.checked');\ncy.get('#radio-button3').should('not.be.checked');",
              "err": {},
              "uuid": "87c7112e-19cf-451a-84af-13be437d1b36",
              "parentUUID": "690cd422-8dd0-4376-a6c4-ca843cdf4a83",
              "isHook": false,
              "skipped": false
            },
            {
              "title": "Should successfully select ",
              "fullTitle": "Radio Button, Checkbox, Dropdown Menu Should successfully select ",
              "timedOut": null,
              "duration": 234,
              "state": "passed",
              "speed": "fast",
              "pass": true,
              "fail": false,
              "pending": false,
              "context": null,
              "code": "cy.visit('https://qa-practice.netlify.app/radiobuttons'); //https://qa-practice.netlify.app/dropdowns\ncy.get('#radio-button1').click().should('be.checked');\ncy.get('#radio-button2').should('not.be.checked');\ncy.get('#radio-button3').should('not.be.checked');",
              "err": {},
              "uuid": "8cdc853a-af04-4e5d-8303-1477f040d31b",
              "parentUUID": "690cd422-8dd0-4376-a6c4-ca843cdf4a83",
              "isHook": false,
              "skipped": false
            },
            {
              "title": "Should successfully select Philippines",
              "fullTitle": "Radio Button, Checkbox, Dropdown Menu Should successfully select Philippines",
              "timedOut": null,
              "duration": 841,
              "state": "passed",
              "speed": "fast",
              "pass": true,
              "fail": false,
              "pending": false,
              "context": null,
              "code": "cy.visit('https://qa-practice.netlify.app/dropdowns');\n// //select[contains(@id, 'dropdown-menu')]\n//   cy.xpath(\"//select[contains(@id, 'dropdown-menu')]\").select('Philippines').should('be.visible')\n//cy.get('#dropdown-menu').select('Philippines').should('be.visible').contains('Philippines')",
              "err": {},
              "uuid": "1a323265-605a-43f1-a8fa-fcdbb10b1aea",
              "parentUUID": "690cd422-8dd0-4376-a6c4-ca843cdf4a83",
              "isHook": false,
              "skipped": false
            }
          ],
          "suites": [],
          "passes": [
            "e418f5ed-defe-4ffc-8fa1-d6a0dc8aefc7",
            "87c7112e-19cf-451a-84af-13be437d1b36",
            "8cdc853a-af04-4e5d-8303-1477f040d31b",
            "1a323265-605a-43f1-a8fa-fcdbb10b1aea"
          ],
          "failures": [],
          "pending": [],
          "skipped": [],
          "duration": 3525,
          "root": false,
          "rootEmpty": false,
          "_timeout": 2000
        }
      ],
      "passes": [],
      "failures": [],
      "pending": [],
      "skipped": [],
      "duration": 0,
      "root": true,
      "rootEmpty": true,
      "_timeout": 2000
    }
  ],
  "meta": {
    "mocha": {
      "version": "7.0.1"
    },
    "mochawesome": {
      "options": {
        "quiet": false,
        "reportFilename": "mochawesome",
        "saveHtml": false,
        "saveJson": true,
        "consoleReporter": "spec",
        "useInlineDiffs": false,
        "code": true
      },
      "version": "7.1.3"
    },
    "marge": {
      "options": {
        "charts": true,
        "reportPageTitle": "Regression testing",
        "embeddedScreenshots": true,
        "inlineAssets": true,
        "saveAllAttempts": false,
        "overwrite": false,
        "html": false,
        "json": true,
        "reportDir": "cypress\\reports\\html\\.jsons"
      },
      "version": "6.2.0"
    }
  }
}